[2018-02-27 14:55:51] production.ERROR: ErrorException: Undefined variable: content in /var/www/html/projetTDL/routes/web.php:23
Stack trace:
#0 /var/www/html/projetTDL/routes/web.php(23): Laravel\Lumen\Application->Laravel\Lumen\Concerns\{closure}(8, 'Undefined varia...', '/var/www/html/p...', 23, Array)
#1 [internal function]: Closure->{closure}()
#2 /var/www/html/projetTDL/vendor/illuminate/container/BoundMethod.php(29): call_user_func_array(Object(Closure), Array)
#3 /var/www/html/projetTDL/vendor/illuminate/container/BoundMethod.php(75): Illuminate\Container\BoundMethod::Illuminate\Container\{closure}()
#4 /var/www/html/projetTDL/vendor/illuminate/container/BoundMethod.php(31): Illuminate\Container\BoundMethod::callBoundMethod(Object(Laravel\Lumen\Application), Object(Closure), Object(Closure))
#5 /var/www/html/projetTDL/vendor/illuminate/container/Container.php(564): Illuminate\Container\BoundMethod::call(Object(Laravel\Lumen\Application), Object(Closure), Array, NULL)
#6 /var/www/html/projetTDL/vendor/laravel/lumen-framework/src/Concerns/RoutesRequests.php(286): Illuminate\Container\Container->call(Object(Closure), Array)
#7 /var/www/html/projetTDL/vendor/laravel/lumen-framework/src/Concerns/RoutesRequests.php(260): Laravel\Lumen\Application->callActionOnArrayBasedRoute(Array)
#8 /var/www/html/projetTDL/vendor/laravel/lumen-framework/src/Concerns/RoutesRequests.php(160): Laravel\Lumen\Application->handleFoundRoute(Array)
#9 /var/www/html/projetTDL/vendor/laravel/lumen-framework/src/Concerns/RoutesRequests.php(413): Laravel\Lumen\Application->Laravel\Lumen\Concerns\{closure}()
#10 /var/www/html/projetTDL/vendor/laravel/lumen-framework/src/Concerns/RoutesRequests.php(166): Laravel\Lumen\Application->sendThroughPipeline(Array, Object(Closure))
#11 /var/www/html/projetTDL/vendor/laravel/lumen-framework/src/Concerns/RoutesRequests.php(107): Laravel\Lumen\Application->dispatch(NULL)
#12 /var/www/html/projetTDL/public/index.php(28): Laravel\Lumen\Application->run()
#13 {main} {"exception":"[object] (ErrorException(code: 0): Undefined variable: content at /var/www/html/projetTDL/routes/web.php:23)
[stacktrace]
#0 /var/www/html/projetTDL/routes/web.php(23): Laravel\\Lumen\\Application->Laravel\\Lumen\\Concerns\\{closure}(8, 'Undefined varia...', '/var/www/html/p...', 23, Array)
#1 [internal function]: Closure->{closure}()
#2 /var/www/html/projetTDL/vendor/illuminate/container/BoundMethod.php(29): call_user_func_array(Object(Closure), Array)
#3 /var/www/html/projetTDL/vendor/illuminate/container/BoundMethod.php(75): Illuminate\\Container\\BoundMethod::Illuminate\\Container\\{closure}()
#4 /var/www/html/projetTDL/vendor/illuminate/container/BoundMethod.php(31): Illuminate\\Container\\BoundMethod::callBoundMethod(Object(Laravel\\Lumen\\Application), Object(Closure), Object(Closure))
#5 /var/www/html/projetTDL/vendor/illuminate/container/Container.php(564): Illuminate\\Container\\BoundMethod::call(Object(Laravel\\Lumen\\Application), Object(Closure), Array, NULL)
#6 /var/www/html/projetTDL/vendor/laravel/lumen-framework/src/Concerns/RoutesRequests.php(286): Illuminate\\Container\\Container->call(Object(Closure), Array)
#7 /var/www/html/projetTDL/vendor/laravel/lumen-framework/src/Concerns/RoutesRequests.php(260): Laravel\\Lumen\\Application->callActionOnArrayBasedRoute(Array)
#8 /var/www/html/projetTDL/vendor/laravel/lumen-framework/src/Concerns/RoutesRequests.php(160): Laravel\\Lumen\\Application->handleFoundRoute(Array)
#9 /var/www/html/projetTDL/vendor/laravel/lumen-framework/src/Concerns/RoutesRequests.php(413): Laravel\\Lumen\\Application->Laravel\\Lumen\\Concerns\\{closure}()
#10 /var/www/html/projetTDL/vendor/laravel/lumen-framework/src/Concerns/RoutesRequests.php(166): Laravel\\Lumen\\Application->sendThroughPipeline(Array, Object(Closure))
#11 /var/www/html/projetTDL/vendor/laravel/lumen-framework/src/Concerns/RoutesRequests.php(107): Laravel\\Lumen\\Application->dispatch(NULL)
#12 /var/www/html/projetTDL/public/index.php(28): Laravel\\Lumen\\Application->run()
#13 {main}
"} 
[2018-02-27 14:56:15] production.ERROR: ErrorException: Undefined variable: content in /var/www/html/projetTDL/routes/web.php:23
Stack trace:
#0 /var/www/html/projetTDL/routes/web.php(23): Laravel\Lumen\Application->Laravel\Lumen\Concerns\{closure}(8, 'Undefined varia...', '/var/www/html/p...', 23, Array)
#1 [internal function]: Closure->{closure}()
#2 /var/www/html/projetTDL/vendor/illuminate/container/BoundMethod.php(29): call_user_func_array(Object(Closure), Array)
#3 /var/www/html/projetTDL/vendor/illuminate/container/BoundMethod.php(75): Illuminate\Container\BoundMethod::Illuminate\Container\{closure}()
#4 /var/www/html/projetTDL/vendor/illuminate/container/BoundMethod.php(31): Illuminate\Container\BoundMethod::callBoundMethod(Object(Laravel\Lumen\Application), Object(Closure), Object(Closure))
#5 /var/www/html/projetTDL/vendor/illuminate/container/Container.php(564): Illuminate\Container\BoundMethod::call(Object(Laravel\Lumen\Application), Object(Closure), Array, NULL)
#6 /var/www/html/projetTDL/vendor/laravel/lumen-framework/src/Concerns/RoutesRequests.php(286): Illuminate\Container\Container->call(Object(Closure), Array)
#7 /var/www/html/projetTDL/vendor/laravel/lumen-framework/src/Concerns/RoutesRequests.php(260): Laravel\Lumen\Application->callActionOnArrayBasedRoute(Array)
#8 /var/www/html/projetTDL/vendor/laravel/lumen-framework/src/Concerns/RoutesRequests.php(160): Laravel\Lumen\Application->handleFoundRoute(Array)
#9 /var/www/html/projetTDL/vendor/laravel/lumen-framework/src/Concerns/RoutesRequests.php(413): Laravel\Lumen\Application->Laravel\Lumen\Concerns\{closure}()
#10 /var/www/html/projetTDL/vendor/laravel/lumen-framework/src/Concerns/RoutesRequests.php(166): Laravel\Lumen\Application->sendThroughPipeline(Array, Object(Closure))
#11 /var/www/html/projetTDL/vendor/laravel/lumen-framework/src/Concerns/RoutesRequests.php(107): Laravel\Lumen\Application->dispatch(NULL)
#12 /var/www/html/projetTDL/public/index.php(28): Laravel\Lumen\Application->run()
#13 {main} {"exception":"[object] (ErrorException(code: 0): Undefined variable: content at /var/www/html/projetTDL/routes/web.php:23)
[stacktrace]
#0 /var/www/html/projetTDL/routes/web.php(23): Laravel\\Lumen\\Application->Laravel\\Lumen\\Concerns\\{closure}(8, 'Undefined varia...', '/var/www/html/p...', 23, Array)
#1 [internal function]: Closure->{closure}()
#2 /var/www/html/projetTDL/vendor/illuminate/container/BoundMethod.php(29): call_user_func_array(Object(Closure), Array)
#3 /var/www/html/projetTDL/vendor/illuminate/container/BoundMethod.php(75): Illuminate\\Container\\BoundMethod::Illuminate\\Container\\{closure}()
#4 /var/www/html/projetTDL/vendor/illuminate/container/BoundMethod.php(31): Illuminate\\Container\\BoundMethod::callBoundMethod(Object(Laravel\\Lumen\\Application), Object(Closure), Object(Closure))
#5 /var/www/html/projetTDL/vendor/illuminate/container/Container.php(564): Illuminate\\Container\\BoundMethod::call(Object(Laravel\\Lumen\\Application), Object(Closure), Array, NULL)
#6 /var/www/html/projetTDL/vendor/laravel/lumen-framework/src/Concerns/RoutesRequests.php(286): Illuminate\\Container\\Container->call(Object(Closure), Array)
#7 /var/www/html/projetTDL/vendor/laravel/lumen-framework/src/Concerns/RoutesRequests.php(260): Laravel\\Lumen\\Application->callActionOnArrayBasedRoute(Array)
#8 /var/www/html/projetTDL/vendor/laravel/lumen-framework/src/Concerns/RoutesRequests.php(160): Laravel\\Lumen\\Application->handleFoundRoute(Array)
#9 /var/www/html/projetTDL/vendor/laravel/lumen-framework/src/Concerns/RoutesRequests.php(413): Laravel\\Lumen\\Application->Laravel\\Lumen\\Concerns\\{closure}()
#10 /var/www/html/projetTDL/vendor/laravel/lumen-framework/src/Concerns/RoutesRequests.php(166): Laravel\\Lumen\\Application->sendThroughPipeline(Array, Object(Closure))
#11 /var/www/html/projetTDL/vendor/laravel/lumen-framework/src/Concerns/RoutesRequests.php(107): Laravel\\Lumen\\Application->dispatch(NULL)
#12 /var/www/html/projetTDL/public/index.php(28): Laravel\\Lumen\\Application->run()
#13 {main}
"} 
[2018-02-27 14:58:35] production.ERROR: ErrorException: Undefined variable: content in /var/www/html/projetTDL/routes/web.php:23
Stack trace:
#0 /var/www/html/projetTDL/routes/web.php(23): Laravel\Lumen\Application->Laravel\Lumen\Concerns\{closure}(8, 'Undefined varia...', '/var/www/html/p...', 23, Array)
#1 [internal function]: Closure->{closure}()
#2 /var/www/html/projetTDL/vendor/illuminate/container/BoundMethod.php(29): call_user_func_array(Object(Closure), Array)
#3 /var/www/html/projetTDL/vendor/illuminate/container/BoundMethod.php(75): Illuminate\Container\BoundMethod::Illuminate\Container\{closure}()
#4 /var/www/html/projetTDL/vendor/illuminate/container/BoundMethod.php(31): Illuminate\Container\BoundMethod::callBoundMethod(Object(Laravel\Lumen\Application), Object(Closure), Object(Closure))
#5 /var/www/html/projetTDL/vendor/illuminate/container/Container.php(564): Illuminate\Container\BoundMethod::call(Object(Laravel\Lumen\Application), Object(Closure), Array, NULL)
#6 /var/www/html/projetTDL/vendor/laravel/lumen-framework/src/Concerns/RoutesRequests.php(286): Illuminate\Container\Container->call(Object(Closure), Array)
#7 /var/www/html/projetTDL/vendor/laravel/lumen-framework/src/Concerns/RoutesRequests.php(260): Laravel\Lumen\Application->callActionOnArrayBasedRoute(Array)
#8 /var/www/html/projetTDL/vendor/laravel/lumen-framework/src/Concerns/RoutesRequests.php(160): Laravel\Lumen\Application->handleFoundRoute(Array)
#9 /var/www/html/projetTDL/vendor/laravel/lumen-framework/src/Concerns/RoutesRequests.php(413): Laravel\Lumen\Application->Laravel\Lumen\Concerns\{closure}()
#10 /var/www/html/projetTDL/vendor/laravel/lumen-framework/src/Concerns/RoutesRequests.php(166): Laravel\Lumen\Application->sendThroughPipeline(Array, Object(Closure))
#11 /var/www/html/projetTDL/vendor/laravel/lumen-framework/src/Concerns/RoutesRequests.php(107): Laravel\Lumen\Application->dispatch(NULL)
#12 /var/www/html/projetTDL/public/index.php(28): Laravel\Lumen\Application->run()
#13 {main} {"exception":"[object] (ErrorException(code: 0): Undefined variable: content at /var/www/html/projetTDL/routes/web.php:23)
[stacktrace]
#0 /var/www/html/projetTDL/routes/web.php(23): Laravel\\Lumen\\Application->Laravel\\Lumen\\Concerns\\{closure}(8, 'Undefined varia...', '/var/www/html/p...', 23, Array)
#1 [internal function]: Closure->{closure}()
#2 /var/www/html/projetTDL/vendor/illuminate/container/BoundMethod.php(29): call_user_func_array(Object(Closure), Array)
#3 /var/www/html/projetTDL/vendor/illuminate/container/BoundMethod.php(75): Illuminate\\Container\\BoundMethod::Illuminate\\Container\\{closure}()
#4 /var/www/html/projetTDL/vendor/illuminate/container/BoundMethod.php(31): Illuminate\\Container\\BoundMethod::callBoundMethod(Object(Laravel\\Lumen\\Application), Object(Closure), Object(Closure))
#5 /var/www/html/projetTDL/vendor/illuminate/container/Container.php(564): Illuminate\\Container\\BoundMethod::call(Object(Laravel\\Lumen\\Application), Object(Closure), Array, NULL)
#6 /var/www/html/projetTDL/vendor/laravel/lumen-framework/src/Concerns/RoutesRequests.php(286): Illuminate\\Container\\Container->call(Object(Closure), Array)
#7 /var/www/html/projetTDL/vendor/laravel/lumen-framework/src/Concerns/RoutesRequests.php(260): Laravel\\Lumen\\Application->callActionOnArrayBasedRoute(Array)
#8 /var/www/html/projetTDL/vendor/laravel/lumen-framework/src/Concerns/RoutesRequests.php(160): Laravel\\Lumen\\Application->handleFoundRoute(Array)
#9 /var/www/html/projetTDL/vendor/laravel/lumen-framework/src/Concerns/RoutesRequests.php(413): Laravel\\Lumen\\Application->Laravel\\Lumen\\Concerns\\{closure}()
#10 /var/www/html/projetTDL/vendor/laravel/lumen-framework/src/Concerns/RoutesRequests.php(166): Laravel\\Lumen\\Application->sendThroughPipeline(Array, Object(Closure))
#11 /var/www/html/projetTDL/vendor/laravel/lumen-framework/src/Concerns/RoutesRequests.php(107): Laravel\\Lumen\\Application->dispatch(NULL)
#12 /var/www/html/projetTDL/public/index.php(28): Laravel\\Lumen\\Application->run()
#13 {main}
"} 
[2018-02-27 14:59:11] production.ERROR: ErrorException: Undefined variable: content in /var/www/html/projetTDL/routes/web.php:23
Stack trace:
#0 /var/www/html/projetTDL/routes/web.php(23): Laravel\Lumen\Application->Laravel\Lumen\Concerns\{closure}(8, 'Undefined varia...', '/var/www/html/p...', 23, Array)
#1 [internal function]: Closure->{closure}()
#2 /var/www/html/projetTDL/vendor/illuminate/container/BoundMethod.php(29): call_user_func_array(Object(Closure), Array)
#3 /var/www/html/projetTDL/vendor/illuminate/container/BoundMethod.php(75): Illuminate\Container\BoundMethod::Illuminate\Container\{closure}()
#4 /var/www/html/projetTDL/vendor/illuminate/container/BoundMethod.php(31): Illuminate\Container\BoundMethod::callBoundMethod(Object(Laravel\Lumen\Application), Object(Closure), Object(Closure))
#5 /var/www/html/projetTDL/vendor/illuminate/container/Container.php(564): Illuminate\Container\BoundMethod::call(Object(Laravel\Lumen\Application), Object(Closure), Array, NULL)
#6 /var/www/html/projetTDL/vendor/laravel/lumen-framework/src/Concerns/RoutesRequests.php(286): Illuminate\Container\Container->call(Object(Closure), Array)
#7 /var/www/html/projetTDL/vendor/laravel/lumen-framework/src/Concerns/RoutesRequests.php(260): Laravel\Lumen\Application->callActionOnArrayBasedRoute(Array)
#8 /var/www/html/projetTDL/vendor/laravel/lumen-framework/src/Concerns/RoutesRequests.php(160): Laravel\Lumen\Application->handleFoundRoute(Array)
#9 /var/www/html/projetTDL/vendor/laravel/lumen-framework/src/Concerns/RoutesRequests.php(413): Laravel\Lumen\Application->Laravel\Lumen\Concerns\{closure}()
#10 /var/www/html/projetTDL/vendor/laravel/lumen-framework/src/Concerns/RoutesRequests.php(166): Laravel\Lumen\Application->sendThroughPipeline(Array, Object(Closure))
#11 /var/www/html/projetTDL/vendor/laravel/lumen-framework/src/Concerns/RoutesRequests.php(107): Laravel\Lumen\Application->dispatch(NULL)
#12 /var/www/html/projetTDL/public/index.php(28): Laravel\Lumen\Application->run()
#13 {main} {"exception":"[object] (ErrorException(code: 0): Undefined variable: content at /var/www/html/projetTDL/routes/web.php:23)
[stacktrace]
#0 /var/www/html/projetTDL/routes/web.php(23): Laravel\\Lumen\\Application->Laravel\\Lumen\\Concerns\\{closure}(8, 'Undefined varia...', '/var/www/html/p...', 23, Array)
#1 [internal function]: Closure->{closure}()
#2 /var/www/html/projetTDL/vendor/illuminate/container/BoundMethod.php(29): call_user_func_array(Object(Closure), Array)
#3 /var/www/html/projetTDL/vendor/illuminate/container/BoundMethod.php(75): Illuminate\\Container\\BoundMethod::Illuminate\\Container\\{closure}()
#4 /var/www/html/projetTDL/vendor/illuminate/container/BoundMethod.php(31): Illuminate\\Container\\BoundMethod::callBoundMethod(Object(Laravel\\Lumen\\Application), Object(Closure), Object(Closure))
#5 /var/www/html/projetTDL/vendor/illuminate/container/Container.php(564): Illuminate\\Container\\BoundMethod::call(Object(Laravel\\Lumen\\Application), Object(Closure), Array, NULL)
#6 /var/www/html/projetTDL/vendor/laravel/lumen-framework/src/Concerns/RoutesRequests.php(286): Illuminate\\Container\\Container->call(Object(Closure), Array)
#7 /var/www/html/projetTDL/vendor/laravel/lumen-framework/src/Concerns/RoutesRequests.php(260): Laravel\\Lumen\\Application->callActionOnArrayBasedRoute(Array)
#8 /var/www/html/projetTDL/vendor/laravel/lumen-framework/src/Concerns/RoutesRequests.php(160): Laravel\\Lumen\\Application->handleFoundRoute(Array)
#9 /var/www/html/projetTDL/vendor/laravel/lumen-framework/src/Concerns/RoutesRequests.php(413): Laravel\\Lumen\\Application->Laravel\\Lumen\\Concerns\\{closure}()
#10 /var/www/html/projetTDL/vendor/laravel/lumen-framework/src/Concerns/RoutesRequests.php(166): Laravel\\Lumen\\Application->sendThroughPipeline(Array, Object(Closure))
#11 /var/www/html/projetTDL/vendor/laravel/lumen-framework/src/Concerns/RoutesRequests.php(107): Laravel\\Lumen\\Application->dispatch(NULL)
#12 /var/www/html/projetTDL/public/index.php(28): Laravel\\Lumen\\Application->run()
#13 {main}
"} 
[2018-02-27 15:01:12] production.ERROR: ErrorException: Undefined variable: content in /var/www/html/projetTDL/routes/web.php:23
Stack trace:
#0 /var/www/html/projetTDL/routes/web.php(23): Laravel\Lumen\Application->Laravel\Lumen\Concerns\{closure}(8, 'Undefined varia...', '/var/www/html/p...', 23, Array)
#1 [internal function]: Closure->{closure}()
#2 /var/www/html/projetTDL/vendor/illuminate/container/BoundMethod.php(29): call_user_func_array(Object(Closure), Array)
#3 /var/www/html/projetTDL/vendor/illuminate/container/BoundMethod.php(75): Illuminate\Container\BoundMethod::Illuminate\Container\{closure}()
#4 /var/www/html/projetTDL/vendor/illuminate/container/BoundMethod.php(31): Illuminate\Container\BoundMethod::callBoundMethod(Object(Laravel\Lumen\Application), Object(Closure), Object(Closure))
#5 /var/www/html/projetTDL/vendor/illuminate/container/Container.php(564): Illuminate\Container\BoundMethod::call(Object(Laravel\Lumen\Application), Object(Closure), Array, NULL)
#6 /var/www/html/projetTDL/vendor/laravel/lumen-framework/src/Concerns/RoutesRequests.php(286): Illuminate\Container\Container->call(Object(Closure), Array)
#7 /var/www/html/projetTDL/vendor/laravel/lumen-framework/src/Concerns/RoutesRequests.php(260): Laravel\Lumen\Application->callActionOnArrayBasedRoute(Array)
#8 /var/www/html/projetTDL/vendor/laravel/lumen-framework/src/Concerns/RoutesRequests.php(160): Laravel\Lumen\Application->handleFoundRoute(Array)
#9 /var/www/html/projetTDL/vendor/laravel/lumen-framework/src/Concerns/RoutesRequests.php(413): Laravel\Lumen\Application->Laravel\Lumen\Concerns\{closure}()
#10 /var/www/html/projetTDL/vendor/laravel/lumen-framework/src/Concerns/RoutesRequests.php(166): Laravel\Lumen\Application->sendThroughPipeline(Array, Object(Closure))
#11 /var/www/html/projetTDL/vendor/laravel/lumen-framework/src/Concerns/RoutesRequests.php(107): Laravel\Lumen\Application->dispatch(NULL)
#12 /var/www/html/projetTDL/public/index.php(28): Laravel\Lumen\Application->run()
#13 {main} {"exception":"[object] (ErrorException(code: 0): Undefined variable: content at /var/www/html/projetTDL/routes/web.php:23)
[stacktrace]
#0 /var/www/html/projetTDL/routes/web.php(23): Laravel\\Lumen\\Application->Laravel\\Lumen\\Concerns\\{closure}(8, 'Undefined varia...', '/var/www/html/p...', 23, Array)
#1 [internal function]: Closure->{closure}()
#2 /var/www/html/projetTDL/vendor/illuminate/container/BoundMethod.php(29): call_user_func_array(Object(Closure), Array)
#3 /var/www/html/projetTDL/vendor/illuminate/container/BoundMethod.php(75): Illuminate\\Container\\BoundMethod::Illuminate\\Container\\{closure}()
#4 /var/www/html/projetTDL/vendor/illuminate/container/BoundMethod.php(31): Illuminate\\Container\\BoundMethod::callBoundMethod(Object(Laravel\\Lumen\\Application), Object(Closure), Object(Closure))
#5 /var/www/html/projetTDL/vendor/illuminate/container/Container.php(564): Illuminate\\Container\\BoundMethod::call(Object(Laravel\\Lumen\\Application), Object(Closure), Array, NULL)
#6 /var/www/html/projetTDL/vendor/laravel/lumen-framework/src/Concerns/RoutesRequests.php(286): Illuminate\\Container\\Container->call(Object(Closure), Array)
#7 /var/www/html/projetTDL/vendor/laravel/lumen-framework/src/Concerns/RoutesRequests.php(260): Laravel\\Lumen\\Application->callActionOnArrayBasedRoute(Array)
#8 /var/www/html/projetTDL/vendor/laravel/lumen-framework/src/Concerns/RoutesRequests.php(160): Laravel\\Lumen\\Application->handleFoundRoute(Array)
#9 /var/www/html/projetTDL/vendor/laravel/lumen-framework/src/Concerns/RoutesRequests.php(413): Laravel\\Lumen\\Application->Laravel\\Lumen\\Concerns\\{closure}()
#10 /var/www/html/projetTDL/vendor/laravel/lumen-framework/src/Concerns/RoutesRequests.php(166): Laravel\\Lumen\\Application->sendThroughPipeline(Array, Object(Closure))
#11 /var/www/html/projetTDL/vendor/laravel/lumen-framework/src/Concerns/RoutesRequests.php(107): Laravel\\Lumen\\Application->dispatch(NULL)
#12 /var/www/html/projetTDL/public/index.php(28): Laravel\\Lumen\\Application->run()
#13 {main}
"} 
[2018-02-27 15:01:19] production.ERROR: ErrorException: Undefined variable: content in /var/www/html/projetTDL/routes/web.php:23
Stack trace:
#0 /var/www/html/projetTDL/routes/web.php(23): Laravel\Lumen\Application->Laravel\Lumen\Concerns\{closure}(8, 'Undefined varia...', '/var/www/html/p...', 23, Array)
#1 [internal function]: Closure->{closure}()
#2 /var/www/html/projetTDL/vendor/illuminate/container/BoundMethod.php(29): call_user_func_array(Object(Closure), Array)
#3 /var/www/html/projetTDL/vendor/illuminate/container/BoundMethod.php(75): Illuminate\Container\BoundMethod::Illuminate\Container\{closure}()
#4 /var/www/html/projetTDL/vendor/illuminate/container/BoundMethod.php(31): Illuminate\Container\BoundMethod::callBoundMethod(Object(Laravel\Lumen\Application), Object(Closure), Object(Closure))
#5 /var/www/html/projetTDL/vendor/illuminate/container/Container.php(564): Illuminate\Container\BoundMethod::call(Object(Laravel\Lumen\Application), Object(Closure), Array, NULL)
#6 /var/www/html/projetTDL/vendor/laravel/lumen-framework/src/Concerns/RoutesRequests.php(286): Illuminate\Container\Container->call(Object(Closure), Array)
#7 /var/www/html/projetTDL/vendor/laravel/lumen-framework/src/Concerns/RoutesRequests.php(260): Laravel\Lumen\Application->callActionOnArrayBasedRoute(Array)
#8 /var/www/html/projetTDL/vendor/laravel/lumen-framework/src/Concerns/RoutesRequests.php(160): Laravel\Lumen\Application->handleFoundRoute(Array)
#9 /var/www/html/projetTDL/vendor/laravel/lumen-framework/src/Concerns/RoutesRequests.php(413): Laravel\Lumen\Application->Laravel\Lumen\Concerns\{closure}()
#10 /var/www/html/projetTDL/vendor/laravel/lumen-framework/src/Concerns/RoutesRequests.php(166): Laravel\Lumen\Application->sendThroughPipeline(Array, Object(Closure))
#11 /var/www/html/projetTDL/vendor/laravel/lumen-framework/src/Concerns/RoutesRequests.php(107): Laravel\Lumen\Application->dispatch(NULL)
#12 /var/www/html/projetTDL/public/index.php(28): Laravel\Lumen\Application->run()
#13 {main} {"exception":"[object] (ErrorException(code: 0): Undefined variable: content at /var/www/html/projetTDL/routes/web.php:23)
[stacktrace]
#0 /var/www/html/projetTDL/routes/web.php(23): Laravel\\Lumen\\Application->Laravel\\Lumen\\Concerns\\{closure}(8, 'Undefined varia...', '/var/www/html/p...', 23, Array)
#1 [internal function]: Closure->{closure}()
#2 /var/www/html/projetTDL/vendor/illuminate/container/BoundMethod.php(29): call_user_func_array(Object(Closure), Array)
#3 /var/www/html/projetTDL/vendor/illuminate/container/BoundMethod.php(75): Illuminate\\Container\\BoundMethod::Illuminate\\Container\\{closure}()
#4 /var/www/html/projetTDL/vendor/illuminate/container/BoundMethod.php(31): Illuminate\\Container\\BoundMethod::callBoundMethod(Object(Laravel\\Lumen\\Application), Object(Closure), Object(Closure))
#5 /var/www/html/projetTDL/vendor/illuminate/container/Container.php(564): Illuminate\\Container\\BoundMethod::call(Object(Laravel\\Lumen\\Application), Object(Closure), Array, NULL)
#6 /var/www/html/projetTDL/vendor/laravel/lumen-framework/src/Concerns/RoutesRequests.php(286): Illuminate\\Container\\Container->call(Object(Closure), Array)
#7 /var/www/html/projetTDL/vendor/laravel/lumen-framework/src/Concerns/RoutesRequests.php(260): Laravel\\Lumen\\Application->callActionOnArrayBasedRoute(Array)
#8 /var/www/html/projetTDL/vendor/laravel/lumen-framework/src/Concerns/RoutesRequests.php(160): Laravel\\Lumen\\Application->handleFoundRoute(Array)
#9 /var/www/html/projetTDL/vendor/laravel/lumen-framework/src/Concerns/RoutesRequests.php(413): Laravel\\Lumen\\Application->Laravel\\Lumen\\Concerns\\{closure}()
#10 /var/www/html/projetTDL/vendor/laravel/lumen-framework/src/Concerns/RoutesRequests.php(166): Laravel\\Lumen\\Application->sendThroughPipeline(Array, Object(Closure))
#11 /var/www/html/projetTDL/vendor/laravel/lumen-framework/src/Concerns/RoutesRequests.php(107): Laravel\\Lumen\\Application->dispatch(NULL)
#12 /var/www/html/projetTDL/public/index.php(28): Laravel\\Lumen\\Application->run()
#13 {main}
"} 
[2018-02-27 15:03:33] production.ERROR: UnexpectedValueException: The Response content must be a string or object implementing __toString(), "object" given. in /var/www/html/projetTDL/vendor/symfony/http-foundation/Response.php:392
Stack trace:
#0 /var/www/html/projetTDL/vendor/illuminate/http/Response.php(45): Symfony\Component\HttpFoundation\Response->setContent(Object(Laravel\Lumen\Http\ResponseFactory))
#1 /var/www/html/projetTDL/vendor/symfony/http-foundation/Response.php(196): Illuminate\Http\Response->setContent(Object(Laravel\Lumen\Http\ResponseFactory))
#2 /var/www/html/projetTDL/vendor/laravel/lumen-framework/src/Concerns/RoutesRequests.php(431): Symfony\Component\HttpFoundation\Response->__construct(Object(Laravel\Lumen\Http\ResponseFactory))
#3 /var/www/html/projetTDL/vendor/laravel/lumen-framework/src/Concerns/RoutesRequests.php(286): Laravel\Lumen\Application->prepareResponse(Object(Laravel\Lumen\Http\ResponseFactory))
#4 /var/www/html/projetTDL/vendor/laravel/lumen-framework/src/Concerns/RoutesRequests.php(260): Laravel\Lumen\Application->callActionOnArrayBasedRoute(Array)
#5 /var/www/html/projetTDL/vendor/laravel/lumen-framework/src/Concerns/RoutesRequests.php(160): Laravel\Lumen\Application->handleFoundRoute(Array)
#6 /var/www/html/projetTDL/vendor/laravel/lumen-framework/src/Concerns/RoutesRequests.php(413): Laravel\Lumen\Application->Laravel\Lumen\Concerns\{closure}()
#7 /var/www/html/projetTDL/vendor/laravel/lumen-framework/src/Concerns/RoutesRequests.php(166): Laravel\Lumen\Application->sendThroughPipeline(Array, Object(Closure))
#8 /var/www/html/projetTDL/vendor/laravel/lumen-framework/src/Concerns/RoutesRequests.php(107): Laravel\Lumen\Application->dispatch(NULL)
#9 /var/www/html/projetTDL/public/index.php(28): Laravel\Lumen\Application->run()
#10 {main} {"exception":"[object] (UnexpectedValueException(code: 0): The Response content must be a string or object implementing __toString(), \"object\" given. at /var/www/html/projetTDL/vendor/symfony/http-foundation/Response.php:392)
[stacktrace]
#0 /var/www/html/projetTDL/vendor/illuminate/http/Response.php(45): Symfony\\Component\\HttpFoundation\\Response->setContent(Object(Laravel\\Lumen\\Http\\ResponseFactory))
#1 /var/www/html/projetTDL/vendor/symfony/http-foundation/Response.php(196): Illuminate\\Http\\Response->setContent(Object(Laravel\\Lumen\\Http\\ResponseFactory))
#2 /var/www/html/projetTDL/vendor/laravel/lumen-framework/src/Concerns/RoutesRequests.php(431): Symfony\\Component\\HttpFoundation\\Response->__construct(Object(Laravel\\Lumen\\Http\\ResponseFactory))
#3 /var/www/html/projetTDL/vendor/laravel/lumen-framework/src/Concerns/RoutesRequests.php(286): Laravel\\Lumen\\Application->prepareResponse(Object(Laravel\\Lumen\\Http\\ResponseFactory))
#4 /var/www/html/projetTDL/vendor/laravel/lumen-framework/src/Concerns/RoutesRequests.php(260): Laravel\\Lumen\\Application->callActionOnArrayBasedRoute(Array)
#5 /var/www/html/projetTDL/vendor/laravel/lumen-framework/src/Concerns/RoutesRequests.php(160): Laravel\\Lumen\\Application->handleFoundRoute(Array)
#6 /var/www/html/projetTDL/vendor/laravel/lumen-framework/src/Concerns/RoutesRequests.php(413): Laravel\\Lumen\\Application->Laravel\\Lumen\\Concerns\\{closure}()
#7 /var/www/html/projetTDL/vendor/laravel/lumen-framework/src/Concerns/RoutesRequests.php(166): Laravel\\Lumen\\Application->sendThroughPipeline(Array, Object(Closure))
#8 /var/www/html/projetTDL/vendor/laravel/lumen-framework/src/Concerns/RoutesRequests.php(107): Laravel\\Lumen\\Application->dispatch(NULL)
#9 /var/www/html/projetTDL/public/index.php(28): Laravel\\Lumen\\Application->run()
#10 {main}
"} 
[2018-02-27 15:04:37] production.ERROR: Symfony\Component\Debug\Exception\FatalThrowableError: Call to undefined method Laravel\Lumen\Http\ResponseFactory::status() in /var/www/html/projetTDL/routes/web.php:23
Stack trace:
#0 [internal function]: Closure->{closure}()
#1 /var/www/html/projetTDL/vendor/illuminate/container/BoundMethod.php(29): call_user_func_array(Object(Closure), Array)
#2 /var/www/html/projetTDL/vendor/illuminate/container/BoundMethod.php(75): Illuminate\Container\BoundMethod::Illuminate\Container\{closure}()
#3 /var/www/html/projetTDL/vendor/illuminate/container/BoundMethod.php(31): Illuminate\Container\BoundMethod::callBoundMethod(Object(Laravel\Lumen\Application), Object(Closure), Object(Closure))
#4 /var/www/html/projetTDL/vendor/illuminate/container/Container.php(564): Illuminate\Container\BoundMethod::call(Object(Laravel\Lumen\Application), Object(Closure), Array, NULL)
#5 /var/www/html/projetTDL/vendor/laravel/lumen-framework/src/Concerns/RoutesRequests.php(286): Illuminate\Container\Container->call(Object(Closure), Array)
#6 /var/www/html/projetTDL/vendor/laravel/lumen-framework/src/Concerns/RoutesRequests.php(260): Laravel\Lumen\Application->callActionOnArrayBasedRoute(Array)
#7 /var/www/html/projetTDL/vendor/laravel/lumen-framework/src/Concerns/RoutesRequests.php(160): Laravel\Lumen\Application->handleFoundRoute(Array)
#8 /var/www/html/projetTDL/vendor/laravel/lumen-framework/src/Concerns/RoutesRequests.php(413): Laravel\Lumen\Application->Laravel\Lumen\Concerns\{closure}()
#9 /var/www/html/projetTDL/vendor/laravel/lumen-framework/src/Concerns/RoutesRequests.php(166): Laravel\Lumen\Application->sendThroughPipeline(Array, Object(Closure))
#10 /var/www/html/projetTDL/vendor/laravel/lumen-framework/src/Concerns/RoutesRequests.php(107): Laravel\Lumen\Application->dispatch(NULL)
#11 /var/www/html/projetTDL/public/index.php(28): Laravel\Lumen\Application->run()
#12 {main} {"exception":"[object] (Symfony\\Component\\Debug\\Exception\\FatalThrowableError(code: 0): Call to undefined method Laravel\\Lumen\\Http\\ResponseFactory::status() at /var/www/html/projetTDL/routes/web.php:23)
[stacktrace]
#0 [internal function]: Closure->{closure}()
#1 /var/www/html/projetTDL/vendor/illuminate/container/BoundMethod.php(29): call_user_func_array(Object(Closure), Array)
#2 /var/www/html/projetTDL/vendor/illuminate/container/BoundMethod.php(75): Illuminate\\Container\\BoundMethod::Illuminate\\Container\\{closure}()
#3 /var/www/html/projetTDL/vendor/illuminate/container/BoundMethod.php(31): Illuminate\\Container\\BoundMethod::callBoundMethod(Object(Laravel\\Lumen\\Application), Object(Closure), Object(Closure))
#4 /var/www/html/projetTDL/vendor/illuminate/container/Container.php(564): Illuminate\\Container\\BoundMethod::call(Object(Laravel\\Lumen\\Application), Object(Closure), Array, NULL)
#5 /var/www/html/projetTDL/vendor/laravel/lumen-framework/src/Concerns/RoutesRequests.php(286): Illuminate\\Container\\Container->call(Object(Closure), Array)
#6 /var/www/html/projetTDL/vendor/laravel/lumen-framework/src/Concerns/RoutesRequests.php(260): Laravel\\Lumen\\Application->callActionOnArrayBasedRoute(Array)
#7 /var/www/html/projetTDL/vendor/laravel/lumen-framework/src/Concerns/RoutesRequests.php(160): Laravel\\Lumen\\Application->handleFoundRoute(Array)
#8 /var/www/html/projetTDL/vendor/laravel/lumen-framework/src/Concerns/RoutesRequests.php(413): Laravel\\Lumen\\Application->Laravel\\Lumen\\Concerns\\{closure}()
#9 /var/www/html/projetTDL/vendor/laravel/lumen-framework/src/Concerns/RoutesRequests.php(166): Laravel\\Lumen\\Application->sendThroughPipeline(Array, Object(Closure))
#10 /var/www/html/projetTDL/vendor/laravel/lumen-framework/src/Concerns/RoutesRequests.php(107): Laravel\\Lumen\\Application->dispatch(NULL)
#11 /var/www/html/projetTDL/public/index.php(28): Laravel\\Lumen\\Application->run()
#12 {main}
"} 
[2018-02-27 15:14:19] production.ERROR: ErrorException: Undefined variable: request in /var/www/html/projetTDL/routes/web.php:25
Stack trace:
#0 /var/www/html/projetTDL/routes/web.php(25): Laravel\Lumen\Application->Laravel\Lumen\Concerns\{closure}(8, 'Undefined varia...', '/var/www/html/p...', 25, Array)
#1 [internal function]: Closure->{closure}()
#2 /var/www/html/projetTDL/vendor/illuminate/container/BoundMethod.php(29): call_user_func_array(Object(Closure), Array)
#3 /var/www/html/projetTDL/vendor/illuminate/container/BoundMethod.php(75): Illuminate\Container\BoundMethod::Illuminate\Container\{closure}()
#4 /var/www/html/projetTDL/vendor/illuminate/container/BoundMethod.php(31): Illuminate\Container\BoundMethod::callBoundMethod(Object(Laravel\Lumen\Application), Object(Closure), Object(Closure))
#5 /var/www/html/projetTDL/vendor/illuminate/container/Container.php(564): Illuminate\Container\BoundMethod::call(Object(Laravel\Lumen\Application), Object(Closure), Array, NULL)
#6 /var/www/html/projetTDL/vendor/laravel/lumen-framework/src/Concerns/RoutesRequests.php(286): Illuminate\Container\Container->call(Object(Closure), Array)
#7 /var/www/html/projetTDL/vendor/laravel/lumen-framework/src/Concerns/RoutesRequests.php(260): Laravel\Lumen\Application->callActionOnArrayBasedRoute(Array)
#8 /var/www/html/projetTDL/vendor/laravel/lumen-framework/src/Concerns/RoutesRequests.php(160): Laravel\Lumen\Application->handleFoundRoute(Array)
#9 /var/www/html/projetTDL/vendor/laravel/lumen-framework/src/Concerns/RoutesRequests.php(413): Laravel\Lumen\Application->Laravel\Lumen\Concerns\{closure}()
#10 /var/www/html/projetTDL/vendor/laravel/lumen-framework/src/Concerns/RoutesRequests.php(166): Laravel\Lumen\Application->sendThroughPipeline(Array, Object(Closure))
#11 /var/www/html/projetTDL/vendor/laravel/lumen-framework/src/Concerns/RoutesRequests.php(107): Laravel\Lumen\Application->dispatch(NULL)
#12 /var/www/html/projetTDL/public/index.php(28): Laravel\Lumen\Application->run()
#13 {main} {"exception":"[object] (ErrorException(code: 0): Undefined variable: request at /var/www/html/projetTDL/routes/web.php:25)
[stacktrace]
#0 /var/www/html/projetTDL/routes/web.php(25): Laravel\\Lumen\\Application->Laravel\\Lumen\\Concerns\\{closure}(8, 'Undefined varia...', '/var/www/html/p...', 25, Array)
#1 [internal function]: Closure->{closure}()
#2 /var/www/html/projetTDL/vendor/illuminate/container/BoundMethod.php(29): call_user_func_array(Object(Closure), Array)
#3 /var/www/html/projetTDL/vendor/illuminate/container/BoundMethod.php(75): Illuminate\\Container\\BoundMethod::Illuminate\\Container\\{closure}()
#4 /var/www/html/projetTDL/vendor/illuminate/container/BoundMethod.php(31): Illuminate\\Container\\BoundMethod::callBoundMethod(Object(Laravel\\Lumen\\Application), Object(Closure), Object(Closure))
#5 /var/www/html/projetTDL/vendor/illuminate/container/Container.php(564): Illuminate\\Container\\BoundMethod::call(Object(Laravel\\Lumen\\Application), Object(Closure), Array, NULL)
#6 /var/www/html/projetTDL/vendor/laravel/lumen-framework/src/Concerns/RoutesRequests.php(286): Illuminate\\Container\\Container->call(Object(Closure), Array)
#7 /var/www/html/projetTDL/vendor/laravel/lumen-framework/src/Concerns/RoutesRequests.php(260): Laravel\\Lumen\\Application->callActionOnArrayBasedRoute(Array)
#8 /var/www/html/projetTDL/vendor/laravel/lumen-framework/src/Concerns/RoutesRequests.php(160): Laravel\\Lumen\\Application->handleFoundRoute(Array)
#9 /var/www/html/projetTDL/vendor/laravel/lumen-framework/src/Concerns/RoutesRequests.php(413): Laravel\\Lumen\\Application->Laravel\\Lumen\\Concerns\\{closure}()
#10 /var/www/html/projetTDL/vendor/laravel/lumen-framework/src/Concerns/RoutesRequests.php(166): Laravel\\Lumen\\Application->sendThroughPipeline(Array, Object(Closure))
#11 /var/www/html/projetTDL/vendor/laravel/lumen-framework/src/Concerns/RoutesRequests.php(107): Laravel\\Lumen\\Application->dispatch(NULL)
#12 /var/www/html/projetTDL/public/index.php(28): Laravel\\Lumen\\Application->run()
#13 {main}
"} 
[2018-02-27 15:14:34] production.ERROR: Symfony\Component\Debug\Exception\FatalThrowableError: Parse error: syntax error, unexpected '}', expecting ';' in /var/www/html/projetTDL/routes/web.php:26
Stack trace:
#0 [internal function]: {closure}(Object(Laravel\Lumen\Routing\Router))
#1 /var/www/html/projetTDL/vendor/laravel/lumen-framework/src/Routing/Router.php(62): call_user_func(Object(Closure), Object(Laravel\Lumen\Routing\Router))
#2 /var/www/html/projetTDL/bootstrap/app.php(100): Laravel\Lumen\Routing\Router->group(Array, Object(Closure))
#3 /var/www/html/projetTDL/public/index.php(14): require('/var/www/html/p...')
#4 {main} {"exception":"[object] (Symfony\\Component\\Debug\\Exception\\FatalThrowableError(code: 0): Parse error: syntax error, unexpected '}', expecting ';' at /var/www/html/projetTDL/routes/web.php:26)
[stacktrace]
#0 [internal function]: {closure}(Object(Laravel\\Lumen\\Routing\\Router))
#1 /var/www/html/projetTDL/vendor/laravel/lumen-framework/src/Routing/Router.php(62): call_user_func(Object(Closure), Object(Laravel\\Lumen\\Routing\\Router))
#2 /var/www/html/projetTDL/bootstrap/app.php(100): Laravel\\Lumen\\Routing\\Router->group(Array, Object(Closure))
#3 /var/www/html/projetTDL/public/index.php(14): require('/var/www/html/p...')
#4 {main}
"} 
[2018-02-27 15:15:04] production.ERROR: Symfony\Component\Debug\Exception\FatalThrowableError: Parse error: syntax error, unexpected '}', expecting ';' in /var/www/html/projetTDL/routes/web.php:26
Stack trace:
#0 [internal function]: {closure}(Object(Laravel\Lumen\Routing\Router))
#1 /var/www/html/projetTDL/vendor/laravel/lumen-framework/src/Routing/Router.php(62): call_user_func(Object(Closure), Object(Laravel\Lumen\Routing\Router))
#2 /var/www/html/projetTDL/bootstrap/app.php(100): Laravel\Lumen\Routing\Router->group(Array, Object(Closure))
#3 /var/www/html/projetTDL/public/index.php(14): require('/var/www/html/p...')
#4 {main} {"exception":"[object] (Symfony\\Component\\Debug\\Exception\\FatalThrowableError(code: 0): Parse error: syntax error, unexpected '}', expecting ';' at /var/www/html/projetTDL/routes/web.php:26)
[stacktrace]
#0 [internal function]: {closure}(Object(Laravel\\Lumen\\Routing\\Router))
#1 /var/www/html/projetTDL/vendor/laravel/lumen-framework/src/Routing/Router.php(62): call_user_func(Object(Closure), Object(Laravel\\Lumen\\Routing\\Router))
#2 /var/www/html/projetTDL/bootstrap/app.php(100): Laravel\\Lumen\\Routing\\Router->group(Array, Object(Closure))
#3 /var/www/html/projetTDL/public/index.php(14): require('/var/www/html/p...')
#4 {main}
"} 
[2018-02-27 15:15:32] production.ERROR: Symfony\Component\Debug\Exception\FatalThrowableError: Parse error: syntax error, unexpected '}', expecting ';' in /var/www/html/projetTDL/routes/web.php:25
Stack trace:
#0 [internal function]: {closure}(Object(Laravel\Lumen\Routing\Router))
#1 /var/www/html/projetTDL/vendor/laravel/lumen-framework/src/Routing/Router.php(62): call_user_func(Object(Closure), Object(Laravel\Lumen\Routing\Router))
#2 /var/www/html/projetTDL/bootstrap/app.php(100): Laravel\Lumen\Routing\Router->group(Array, Object(Closure))
#3 /var/www/html/projetTDL/public/index.php(14): require('/var/www/html/p...')
#4 {main} {"exception":"[object] (Symfony\\Component\\Debug\\Exception\\FatalThrowableError(code: 0): Parse error: syntax error, unexpected '}', expecting ';' at /var/www/html/projetTDL/routes/web.php:25)
[stacktrace]
#0 [internal function]: {closure}(Object(Laravel\\Lumen\\Routing\\Router))
#1 /var/www/html/projetTDL/vendor/laravel/lumen-framework/src/Routing/Router.php(62): call_user_func(Object(Closure), Object(Laravel\\Lumen\\Routing\\Router))
#2 /var/www/html/projetTDL/bootstrap/app.php(100): Laravel\\Lumen\\Routing\\Router->group(Array, Object(Closure))
#3 /var/www/html/projetTDL/public/index.php(14): require('/var/www/html/p...')
#4 {main}
"} 
[2018-02-27 15:16:32] production.ERROR: Symfony\Component\Debug\Exception\FatalThrowableError: Parse error: syntax error, unexpected '>' in /var/www/html/projetTDL/routes/web.php:25
Stack trace:
#0 [internal function]: {closure}(Object(Laravel\Lumen\Routing\Router))
#1 /var/www/html/projetTDL/vendor/laravel/lumen-framework/src/Routing/Router.php(62): call_user_func(Object(Closure), Object(Laravel\Lumen\Routing\Router))
#2 /var/www/html/projetTDL/bootstrap/app.php(100): Laravel\Lumen\Routing\Router->group(Array, Object(Closure))
#3 /var/www/html/projetTDL/public/index.php(14): require('/var/www/html/p...')
#4 {main} {"exception":"[object] (Symfony\\Component\\Debug\\Exception\\FatalThrowableError(code: 0): Parse error: syntax error, unexpected '>' at /var/www/html/projetTDL/routes/web.php:25)
[stacktrace]
#0 [internal function]: {closure}(Object(Laravel\\Lumen\\Routing\\Router))
#1 /var/www/html/projetTDL/vendor/laravel/lumen-framework/src/Routing/Router.php(62): call_user_func(Object(Closure), Object(Laravel\\Lumen\\Routing\\Router))
#2 /var/www/html/projetTDL/bootstrap/app.php(100): Laravel\\Lumen\\Routing\\Router->group(Array, Object(Closure))
#3 /var/www/html/projetTDL/public/index.php(14): require('/var/www/html/p...')
#4 {main}
"} 
[2018-02-27 15:16:44] production.ERROR: Symfony\Component\Debug\Exception\FatalThrowableError: Parse error: syntax error, unexpected '->' (T_OBJECT_OPERATOR) in /var/www/html/projetTDL/routes/web.php:25
Stack trace:
#0 [internal function]: {closure}(Object(Laravel\Lumen\Routing\Router))
#1 /var/www/html/projetTDL/vendor/laravel/lumen-framework/src/Routing/Router.php(62): call_user_func(Object(Closure), Object(Laravel\Lumen\Routing\Router))
#2 /var/www/html/projetTDL/bootstrap/app.php(100): Laravel\Lumen\Routing\Router->group(Array, Object(Closure))
#3 /var/www/html/projetTDL/public/index.php(14): require('/var/www/html/p...')
#4 {main} {"exception":"[object] (Symfony\\Component\\Debug\\Exception\\FatalThrowableError(code: 0): Parse error: syntax error, unexpected '->' (T_OBJECT_OPERATOR) at /var/www/html/projetTDL/routes/web.php:25)
[stacktrace]
#0 [internal function]: {closure}(Object(Laravel\\Lumen\\Routing\\Router))
#1 /var/www/html/projetTDL/vendor/laravel/lumen-framework/src/Routing/Router.php(62): call_user_func(Object(Closure), Object(Laravel\\Lumen\\Routing\\Router))
#2 /var/www/html/projetTDL/bootstrap/app.php(100): Laravel\\Lumen\\Routing\\Router->group(Array, Object(Closure))
#3 /var/www/html/projetTDL/public/index.php(14): require('/var/www/html/p...')
#4 {main}
"} 
[2018-02-27 15:17:02] production.ERROR: ErrorException: Undefined variable: request in /var/www/html/projetTDL/routes/web.php:25
Stack trace:
#0 /var/www/html/projetTDL/routes/web.php(25): Laravel\Lumen\Application->Laravel\Lumen\Concerns\{closure}(8, 'Undefined varia...', '/var/www/html/p...', 25, Array)
#1 [internal function]: Closure->{closure}()
#2 /var/www/html/projetTDL/vendor/illuminate/container/BoundMethod.php(29): call_user_func_array(Object(Closure), Array)
#3 /var/www/html/projetTDL/vendor/illuminate/container/BoundMethod.php(75): Illuminate\Container\BoundMethod::Illuminate\Container\{closure}()
#4 /var/www/html/projetTDL/vendor/illuminate/container/BoundMethod.php(31): Illuminate\Container\BoundMethod::callBoundMethod(Object(Laravel\Lumen\Application), Object(Closure), Object(Closure))
#5 /var/www/html/projetTDL/vendor/illuminate/container/Container.php(564): Illuminate\Container\BoundMethod::call(Object(Laravel\Lumen\Application), Object(Closure), Array, NULL)
#6 /var/www/html/projetTDL/vendor/laravel/lumen-framework/src/Concerns/RoutesRequests.php(286): Illuminate\Container\Container->call(Object(Closure), Array)
#7 /var/www/html/projetTDL/vendor/laravel/lumen-framework/src/Concerns/RoutesRequests.php(260): Laravel\Lumen\Application->callActionOnArrayBasedRoute(Array)
#8 /var/www/html/projetTDL/vendor/laravel/lumen-framework/src/Concerns/RoutesRequests.php(160): Laravel\Lumen\Application->handleFoundRoute(Array)
#9 /var/www/html/projetTDL/vendor/laravel/lumen-framework/src/Concerns/RoutesRequests.php(413): Laravel\Lumen\Application->Laravel\Lumen\Concerns\{closure}()
#10 /var/www/html/projetTDL/vendor/laravel/lumen-framework/src/Concerns/RoutesRequests.php(166): Laravel\Lumen\Application->sendThroughPipeline(Array, Object(Closure))
#11 /var/www/html/projetTDL/vendor/laravel/lumen-framework/src/Concerns/RoutesRequests.php(107): Laravel\Lumen\Application->dispatch(NULL)
#12 /var/www/html/projetTDL/public/index.php(28): Laravel\Lumen\Application->run()
#13 {main} {"exception":"[object] (ErrorException(code: 0): Undefined variable: request at /var/www/html/projetTDL/routes/web.php:25)
[stacktrace]
#0 /var/www/html/projetTDL/routes/web.php(25): Laravel\\Lumen\\Application->Laravel\\Lumen\\Concerns\\{closure}(8, 'Undefined varia...', '/var/www/html/p...', 25, Array)
#1 [internal function]: Closure->{closure}()
#2 /var/www/html/projetTDL/vendor/illuminate/container/BoundMethod.php(29): call_user_func_array(Object(Closure), Array)
#3 /var/www/html/projetTDL/vendor/illuminate/container/BoundMethod.php(75): Illuminate\\Container\\BoundMethod::Illuminate\\Container\\{closure}()
#4 /var/www/html/projetTDL/vendor/illuminate/container/BoundMethod.php(31): Illuminate\\Container\\BoundMethod::callBoundMethod(Object(Laravel\\Lumen\\Application), Object(Closure), Object(Closure))
#5 /var/www/html/projetTDL/vendor/illuminate/container/Container.php(564): Illuminate\\Container\\BoundMethod::call(Object(Laravel\\Lumen\\Application), Object(Closure), Array, NULL)
#6 /var/www/html/projetTDL/vendor/laravel/lumen-framework/src/Concerns/RoutesRequests.php(286): Illuminate\\Container\\Container->call(Object(Closure), Array)
#7 /var/www/html/projetTDL/vendor/laravel/lumen-framework/src/Concerns/RoutesRequests.php(260): Laravel\\Lumen\\Application->callActionOnArrayBasedRoute(Array)
#8 /var/www/html/projetTDL/vendor/laravel/lumen-framework/src/Concerns/RoutesRequests.php(160): Laravel\\Lumen\\Application->handleFoundRoute(Array)
#9 /var/www/html/projetTDL/vendor/laravel/lumen-framework/src/Concerns/RoutesRequests.php(413): Laravel\\Lumen\\Application->Laravel\\Lumen\\Concerns\\{closure}()
#10 /var/www/html/projetTDL/vendor/laravel/lumen-framework/src/Concerns/RoutesRequests.php(166): Laravel\\Lumen\\Application->sendThroughPipeline(Array, Object(Closure))
#11 /var/www/html/projetTDL/vendor/laravel/lumen-framework/src/Concerns/RoutesRequests.php(107): Laravel\\Lumen\\Application->dispatch(NULL)
#12 /var/www/html/projetTDL/public/index.php(28): Laravel\\Lumen\\Application->run()
#13 {main}
"} 
[2018-02-27 15:17:22] production.ERROR: Symfony\Component\Debug\Exception\FatalThrowableError: Call to undefined method Laravel\Lumen\Http\ResponseFactory::setCallback() in /var/www/html/projetTDL/routes/web.php:25
Stack trace:
#0 [internal function]: Closure->{closure}()
#1 /var/www/html/projetTDL/vendor/illuminate/container/BoundMethod.php(29): call_user_func_array(Object(Closure), Array)
#2 /var/www/html/projetTDL/vendor/illuminate/container/BoundMethod.php(75): Illuminate\Container\BoundMethod::Illuminate\Container\{closure}()
#3 /var/www/html/projetTDL/vendor/illuminate/container/BoundMethod.php(31): Illuminate\Container\BoundMethod::callBoundMethod(Object(Laravel\Lumen\Application), Object(Closure), Object(Closure))
#4 /var/www/html/projetTDL/vendor/illuminate/container/Container.php(564): Illuminate\Container\BoundMethod::call(Object(Laravel\Lumen\Application), Object(Closure), Array, NULL)
#5 /var/www/html/projetTDL/vendor/laravel/lumen-framework/src/Concerns/RoutesRequests.php(286): Illuminate\Container\Container->call(Object(Closure), Array)
#6 /var/www/html/projetTDL/vendor/laravel/lumen-framework/src/Concerns/RoutesRequests.php(260): Laravel\Lumen\Application->callActionOnArrayBasedRoute(Array)
#7 /var/www/html/projetTDL/vendor/laravel/lumen-framework/src/Concerns/RoutesRequests.php(160): Laravel\Lumen\Application->handleFoundRoute(Array)
#8 /var/www/html/projetTDL/vendor/laravel/lumen-framework/src/Concerns/RoutesRequests.php(413): Laravel\Lumen\Application->Laravel\Lumen\Concerns\{closure}()
#9 /var/www/html/projetTDL/vendor/laravel/lumen-framework/src/Concerns/RoutesRequests.php(166): Laravel\Lumen\Application->sendThroughPipeline(Array, Object(Closure))
#10 /var/www/html/projetTDL/vendor/laravel/lumen-framework/src/Concerns/RoutesRequests.php(107): Laravel\Lumen\Application->dispatch(NULL)
#11 /var/www/html/projetTDL/public/index.php(28): Laravel\Lumen\Application->run()
#12 {main} {"exception":"[object] (Symfony\\Component\\Debug\\Exception\\FatalThrowableError(code: 0): Call to undefined method Laravel\\Lumen\\Http\\ResponseFactory::setCallback() at /var/www/html/projetTDL/routes/web.php:25)
[stacktrace]
#0 [internal function]: Closure->{closure}()
#1 /var/www/html/projetTDL/vendor/illuminate/container/BoundMethod.php(29): call_user_func_array(Object(Closure), Array)
#2 /var/www/html/projetTDL/vendor/illuminate/container/BoundMethod.php(75): Illuminate\\Container\\BoundMethod::Illuminate\\Container\\{closure}()
#3 /var/www/html/projetTDL/vendor/illuminate/container/BoundMethod.php(31): Illuminate\\Container\\BoundMethod::callBoundMethod(Object(Laravel\\Lumen\\Application), Object(Closure), Object(Closure))
#4 /var/www/html/projetTDL/vendor/illuminate/container/Container.php(564): Illuminate\\Container\\BoundMethod::call(Object(Laravel\\Lumen\\Application), Object(Closure), Array, NULL)
#5 /var/www/html/projetTDL/vendor/laravel/lumen-framework/src/Concerns/RoutesRequests.php(286): Illuminate\\Container\\Container->call(Object(Closure), Array)
#6 /var/www/html/projetTDL/vendor/laravel/lumen-framework/src/Concerns/RoutesRequests.php(260): Laravel\\Lumen\\Application->callActionOnArrayBasedRoute(Array)
#7 /var/www/html/projetTDL/vendor/laravel/lumen-framework/src/Concerns/RoutesRequests.php(160): Laravel\\Lumen\\Application->handleFoundRoute(Array)
#8 /var/www/html/projetTDL/vendor/laravel/lumen-framework/src/Concerns/RoutesRequests.php(413): Laravel\\Lumen\\Application->Laravel\\Lumen\\Concerns\\{closure}()
#9 /var/www/html/projetTDL/vendor/laravel/lumen-framework/src/Concerns/RoutesRequests.php(166): Laravel\\Lumen\\Application->sendThroughPipeline(Array, Object(Closure))
#10 /var/www/html/projetTDL/vendor/laravel/lumen-framework/src/Concerns/RoutesRequests.php(107): Laravel\\Lumen\\Application->dispatch(NULL)
#11 /var/www/html/projetTDL/public/index.php(28): Laravel\\Lumen\\Application->run()
#12 {main}
"} 
[2018-02-27 15:17:39] production.ERROR: Symfony\Component\Debug\Exception\FatalThrowableError: Call to undefined method Laravel\Lumen\Http\ResponseFactory::setCallback() in /var/www/html/projetTDL/routes/web.php:23
Stack trace:
#0 [internal function]: Closure->{closure}()
#1 /var/www/html/projetTDL/vendor/illuminate/container/BoundMethod.php(29): call_user_func_array(Object(Closure), Array)
#2 /var/www/html/projetTDL/vendor/illuminate/container/BoundMethod.php(75): Illuminate\Container\BoundMethod::Illuminate\Container\{closure}()
#3 /var/www/html/projetTDL/vendor/illuminate/container/BoundMethod.php(31): Illuminate\Container\BoundMethod::callBoundMethod(Object(Laravel\Lumen\Application), Object(Closure), Object(Closure))
#4 /var/www/html/projetTDL/vendor/illuminate/container/Container.php(564): Illuminate\Container\BoundMethod::call(Object(Laravel\Lumen\Application), Object(Closure), Array, NULL)
#5 /var/www/html/projetTDL/vendor/laravel/lumen-framework/src/Concerns/RoutesRequests.php(286): Illuminate\Container\Container->call(Object(Closure), Array)
#6 /var/www/html/projetTDL/vendor/laravel/lumen-framework/src/Concerns/RoutesRequests.php(260): Laravel\Lumen\Application->callActionOnArrayBasedRoute(Array)
#7 /var/www/html/projetTDL/vendor/laravel/lumen-framework/src/Concerns/RoutesRequests.php(160): Laravel\Lumen\Application->handleFoundRoute(Array)
#8 /var/www/html/projetTDL/vendor/laravel/lumen-framework/src/Concerns/RoutesRequests.php(413): Laravel\Lumen\Application->Laravel\Lumen\Concerns\{closure}()
#9 /var/www/html/projetTDL/vendor/laravel/lumen-framework/src/Concerns/RoutesRequests.php(166): Laravel\Lumen\Application->sendThroughPipeline(Array, Object(Closure))
#10 /var/www/html/projetTDL/vendor/laravel/lumen-framework/src/Concerns/RoutesRequests.php(107): Laravel\Lumen\Application->dispatch(NULL)
#11 /var/www/html/projetTDL/public/index.php(28): Laravel\Lumen\Application->run()
#12 {main} {"exception":"[object] (Symfony\\Component\\Debug\\Exception\\FatalThrowableError(code: 0): Call to undefined method Laravel\\Lumen\\Http\\ResponseFactory::setCallback() at /var/www/html/projetTDL/routes/web.php:23)
[stacktrace]
#0 [internal function]: Closure->{closure}()
#1 /var/www/html/projetTDL/vendor/illuminate/container/BoundMethod.php(29): call_user_func_array(Object(Closure), Array)
#2 /var/www/html/projetTDL/vendor/illuminate/container/BoundMethod.php(75): Illuminate\\Container\\BoundMethod::Illuminate\\Container\\{closure}()
#3 /var/www/html/projetTDL/vendor/illuminate/container/BoundMethod.php(31): Illuminate\\Container\\BoundMethod::callBoundMethod(Object(Laravel\\Lumen\\Application), Object(Closure), Object(Closure))
#4 /var/www/html/projetTDL/vendor/illuminate/container/Container.php(564): Illuminate\\Container\\BoundMethod::call(Object(Laravel\\Lumen\\Application), Object(Closure), Array, NULL)
#5 /var/www/html/projetTDL/vendor/laravel/lumen-framework/src/Concerns/RoutesRequests.php(286): Illuminate\\Container\\Container->call(Object(Closure), Array)
#6 /var/www/html/projetTDL/vendor/laravel/lumen-framework/src/Concerns/RoutesRequests.php(260): Laravel\\Lumen\\Application->callActionOnArrayBasedRoute(Array)
#7 /var/www/html/projetTDL/vendor/laravel/lumen-framework/src/Concerns/RoutesRequests.php(160): Laravel\\Lumen\\Application->handleFoundRoute(Array)
#8 /var/www/html/projetTDL/vendor/laravel/lumen-framework/src/Concerns/RoutesRequests.php(413): Laravel\\Lumen\\Application->Laravel\\Lumen\\Concerns\\{closure}()
#9 /var/www/html/projetTDL/vendor/laravel/lumen-framework/src/Concerns/RoutesRequests.php(166): Laravel\\Lumen\\Application->sendThroughPipeline(Array, Object(Closure))
#10 /var/www/html/projetTDL/vendor/laravel/lumen-framework/src/Concerns/RoutesRequests.php(107): Laravel\\Lumen\\Application->dispatch(NULL)
#11 /var/www/html/projetTDL/public/index.php(28): Laravel\\Lumen\\Application->run()
#12 {main}
"} 
[2018-02-27 15:18:30] production.ERROR: ErrorException: Undefined variable: status in /var/www/html/projetTDL/routes/web.php:23
Stack trace:
#0 /var/www/html/projetTDL/routes/web.php(23): Laravel\Lumen\Application->Laravel\Lumen\Concerns\{closure}(8, 'Undefined varia...', '/var/www/html/p...', 23, Array)
#1 [internal function]: Closure->{closure}()
#2 /var/www/html/projetTDL/vendor/illuminate/container/BoundMethod.php(29): call_user_func_array(Object(Closure), Array)
#3 /var/www/html/projetTDL/vendor/illuminate/container/BoundMethod.php(75): Illuminate\Container\BoundMethod::Illuminate\Container\{closure}()
#4 /var/www/html/projetTDL/vendor/illuminate/container/BoundMethod.php(31): Illuminate\Container\BoundMethod::callBoundMethod(Object(Laravel\Lumen\Application), Object(Closure), Object(Closure))
#5 /var/www/html/projetTDL/vendor/illuminate/container/Container.php(564): Illuminate\Container\BoundMethod::call(Object(Laravel\Lumen\Application), Object(Closure), Array, NULL)
#6 /var/www/html/projetTDL/vendor/laravel/lumen-framework/src/Concerns/RoutesRequests.php(286): Illuminate\Container\Container->call(Object(Closure), Array)
#7 /var/www/html/projetTDL/vendor/laravel/lumen-framework/src/Concerns/RoutesRequests.php(260): Laravel\Lumen\Application->callActionOnArrayBasedRoute(Array)
#8 /var/www/html/projetTDL/vendor/laravel/lumen-framework/src/Concerns/RoutesRequests.php(160): Laravel\Lumen\Application->handleFoundRoute(Array)
#9 /var/www/html/projetTDL/vendor/laravel/lumen-framework/src/Concerns/RoutesRequests.php(413): Laravel\Lumen\Application->Laravel\Lumen\Concerns\{closure}()
#10 /var/www/html/projetTDL/vendor/laravel/lumen-framework/src/Concerns/RoutesRequests.php(166): Laravel\Lumen\Application->sendThroughPipeline(Array, Object(Closure))
#11 /var/www/html/projetTDL/vendor/laravel/lumen-framework/src/Concerns/RoutesRequests.php(107): Laravel\Lumen\Application->dispatch(NULL)
#12 /var/www/html/projetTDL/public/index.php(28): Laravel\Lumen\Application->run()
#13 {main} {"exception":"[object] (ErrorException(code: 0): Undefined variable: status at /var/www/html/projetTDL/routes/web.php:23)
[stacktrace]
#0 /var/www/html/projetTDL/routes/web.php(23): Laravel\\Lumen\\Application->Laravel\\Lumen\\Concerns\\{closure}(8, 'Undefined varia...', '/var/www/html/p...', 23, Array)
#1 [internal function]: Closure->{closure}()
#2 /var/www/html/projetTDL/vendor/illuminate/container/BoundMethod.php(29): call_user_func_array(Object(Closure), Array)
#3 /var/www/html/projetTDL/vendor/illuminate/container/BoundMethod.php(75): Illuminate\\Container\\BoundMethod::Illuminate\\Container\\{closure}()
#4 /var/www/html/projetTDL/vendor/illuminate/container/BoundMethod.php(31): Illuminate\\Container\\BoundMethod::callBoundMethod(Object(Laravel\\Lumen\\Application), Object(Closure), Object(Closure))
#5 /var/www/html/projetTDL/vendor/illuminate/container/Container.php(564): Illuminate\\Container\\BoundMethod::call(Object(Laravel\\Lumen\\Application), Object(Closure), Array, NULL)
#6 /var/www/html/projetTDL/vendor/laravel/lumen-framework/src/Concerns/RoutesRequests.php(286): Illuminate\\Container\\Container->call(Object(Closure), Array)
#7 /var/www/html/projetTDL/vendor/laravel/lumen-framework/src/Concerns/RoutesRequests.php(260): Laravel\\Lumen\\Application->callActionOnArrayBasedRoute(Array)
#8 /var/www/html/projetTDL/vendor/laravel/lumen-framework/src/Concerns/RoutesRequests.php(160): Laravel\\Lumen\\Application->handleFoundRoute(Array)
#9 /var/www/html/projetTDL/vendor/laravel/lumen-framework/src/Concerns/RoutesRequests.php(413): Laravel\\Lumen\\Application->Laravel\\Lumen\\Concerns\\{closure}()
#10 /var/www/html/projetTDL/vendor/laravel/lumen-framework/src/Concerns/RoutesRequests.php(166): Laravel\\Lumen\\Application->sendThroughPipeline(Array, Object(Closure))
#11 /var/www/html/projetTDL/vendor/laravel/lumen-framework/src/Concerns/RoutesRequests.php(107): Laravel\\Lumen\\Application->dispatch(NULL)
#12 /var/www/html/projetTDL/public/index.php(28): Laravel\\Lumen\\Application->run()
#13 {main}
"} 
